{
  "RSpec": {
    "coverage": {
      "/Users/AndrewMacAir/MF-projects/Bit_Pages_Project_Folder/bitpages/app/models/user.rb": [
        1,
        null,
        null,
        null,
        1,
        null,
        null,
        null,
        1,
        null,
        null
      ],
      "/Users/AndrewMacAir/MF-projects/Bit_Pages_Project_Folder/bitpages/app/models/merchant.rb": [
        1,
        null,
        null,
        null,
        1,
        null,
        null,
        null,
        1,
        null,
        null
      ],
      "/Users/AndrewMacAir/MF-projects/Bit_Pages_Project_Folder/bitpages/app/controllers/application_controller.rb": [
        1,
        1,
        null
      ],
      "/Users/AndrewMacAir/MF-projects/Bit_Pages_Project_Folder/bitpages/app/helpers/application_helper.rb": [
        1,
        null
      ],
      "/Users/AndrewMacAir/MF-projects/Bit_Pages_Project_Folder/bitpages/app/helpers/home_helper.rb": [
        1,
        null
      ],
      "/Users/AndrewMacAir/MF-projects/Bit_Pages_Project_Folder/bitpages/app/controllers/home_controller.rb": [
        1,
        1,
        null,
        null
      ],
      "/Users/AndrewMacAir/MF-projects/Bit_Pages_Project_Folder/bitpages/app/models/view.rb": [
        1,
        null,
        null,
        null,
        1,
        null,
        null,
        null,
        1,
        null,
        null
      ]
    },
    "timestamp": 1373918458
  }
}
